Analysis & Synthesis report for cont_57
Sat Sep 20 23:46:25 2025
Quartus II 64-Bit Version 13.0.1 Build 232 06/12/2013 Service Pack 1 SJ Web Edition


---------------------
; Table of Contents ;
---------------------
  1. Legal Notice
  2. Analysis & Synthesis Summary
  3. Analysis & Synthesis Settings
  4. Parallel Compilation
  5. Analysis & Synthesis Source Files Read
  6. Analysis & Synthesis Resource Usage Summary
  7. Analysis & Synthesis Resource Utilization by Entity
  8. Registers Removed During Synthesis
  9. General Register Statistics
 10. Multiplexer Restructuring Statistics (Restructuring Performed)
 11. Parameter Settings for User Entity Instance: div_clk:clk_div_1s
 12. Port Connectivity Checks: "cont_up_mod16:ten_counter"
 13. Port Connectivity Checks: "cont_up_mod16:units_counter"
 14. Elapsed Time Per Partition
 15. Analysis & Synthesis Messages



----------------
; Legal Notice ;
----------------
Copyright (C) 1991-2013 Altera Corporation
Your use of Altera Corporation's design tools, logic functions 
and other software and tools, and its AMPP partner logic 
functions, and any output files from any of the foregoing 
(including device programming or simulation files), and any 
associated documentation or information are expressly subject 
to the terms and conditions of the Altera Program License 
Subscription Agreement, Altera MegaCore Function License 
Agreement, or other applicable license agreement, including, 
without limitation, that your use is for the sole purpose of 
programming logic devices manufactured by Altera and sold by 
Altera or its authorized distributors.  Please refer to the 
applicable agreement for further details.



+--------------------------------------------------------------------------------------+
; Analysis & Synthesis Summary                                                         ;
+------------------------------------+-------------------------------------------------+
; Analysis & Synthesis Status        ; Successful - Sat Sep 20 23:46:25 2025           ;
; Quartus II 64-Bit Version          ; 13.0.1 Build 232 06/12/2013 SP 1 SJ Web Edition ;
; Revision Name                      ; cont_57                                         ;
; Top-level Entity Name              ; cont_57                                         ;
; Family                             ; Cyclone II                                      ;
; Total logic elements               ; 38                                              ;
;     Total combinational functions  ; 38                                              ;
;     Dedicated logic registers      ; 10                                              ;
; Total registers                    ; 10                                              ;
; Total pins                         ; 31                                              ;
; Total virtual pins                 ; 0                                               ;
; Total memory bits                  ; 0                                               ;
; Embedded Multiplier 9-bit elements ; 0                                               ;
; Total PLLs                         ; 0                                               ;
+------------------------------------+-------------------------------------------------+


+----------------------------------------------------------------------------------------------------------------------+
; Analysis & Synthesis Settings                                                                                        ;
+----------------------------------------------------------------------------+--------------------+--------------------+
; Option                                                                     ; Setting            ; Default Value      ;
+----------------------------------------------------------------------------+--------------------+--------------------+
; Device                                                                     ; EP2C35F672C6       ;                    ;
; Top-level entity name                                                      ; cont_57            ; cont_57            ;
; Family name                                                                ; Cyclone II         ; Cyclone IV GX      ;
; Use smart compilation                                                      ; Off                ; Off                ;
; Enable parallel Assembler and TimeQuest Timing Analyzer during compilation ; On                 ; On                 ;
; Enable compact report table                                                ; Off                ; Off                ;
; Restructure Multiplexers                                                   ; Auto               ; Auto               ;
; Create Debugging Nodes for IP Cores                                        ; Off                ; Off                ;
; Preserve fewer node names                                                  ; On                 ; On                 ;
; Disable OpenCore Plus hardware evaluation                                  ; Off                ; Off                ;
; Verilog Version                                                            ; Verilog_2001       ; Verilog_2001       ;
; VHDL Version                                                               ; VHDL_1993          ; VHDL_1993          ;
; State Machine Processing                                                   ; Auto               ; Auto               ;
; Safe State Machine                                                         ; Off                ; Off                ;
; Extract Verilog State Machines                                             ; On                 ; On                 ;
; Extract VHDL State Machines                                                ; On                 ; On                 ;
; Ignore Verilog initial constructs                                          ; Off                ; Off                ;
; Iteration limit for constant Verilog loops                                 ; 5000               ; 5000               ;
; Iteration limit for non-constant Verilog loops                             ; 250                ; 250                ;
; Add Pass-Through Logic to Inferred RAMs                                    ; On                 ; On                 ;
; Infer RAMs from Raw Logic                                                  ; On                 ; On                 ;
; Parallel Synthesis                                                         ; On                 ; On                 ;
; DSP Block Balancing                                                        ; Auto               ; Auto               ;
; NOT Gate Push-Back                                                         ; On                 ; On                 ;
; Power-Up Don't Care                                                        ; On                 ; On                 ;
; Remove Redundant Logic Cells                                               ; Off                ; Off                ;
; Remove Duplicate Registers                                                 ; On                 ; On                 ;
; Ignore CARRY Buffers                                                       ; Off                ; Off                ;
; Ignore CASCADE Buffers                                                     ; Off                ; Off                ;
; Ignore GLOBAL Buffers                                                      ; Off                ; Off                ;
; Ignore ROW GLOBAL Buffers                                                  ; Off                ; Off                ;
; Ignore LCELL Buffers                                                       ; Off                ; Off                ;
; Ignore SOFT Buffers                                                        ; On                 ; On                 ;
; Limit AHDL Integers to 32 Bits                                             ; Off                ; Off                ;
; Optimization Technique                                                     ; Balanced           ; Balanced           ;
; Carry Chain Length                                                         ; 70                 ; 70                 ;
; Auto Carry Chains                                                          ; On                 ; On                 ;
; Auto Open-Drain Pins                                                       ; On                 ; On                 ;
; Perform WYSIWYG Primitive Resynthesis                                      ; Off                ; Off                ;
; Auto ROM Replacement                                                       ; On                 ; On                 ;
; Auto RAM Replacement                                                       ; On                 ; On                 ;
; Auto Shift Register Replacement                                            ; Auto               ; Auto               ;
; Allow Shift Register Merging across Hierarchies                            ; Auto               ; Auto               ;
; Auto Clock Enable Replacement                                              ; On                 ; On                 ;
; Strict RAM Replacement                                                     ; Off                ; Off                ;
; Allow Synchronous Control Signals                                          ; On                 ; On                 ;
; Force Use of Synchronous Clear Signals                                     ; Off                ; Off                ;
; Auto RAM to Logic Cell Conversion                                          ; Off                ; Off                ;
; Auto Resource Sharing                                                      ; Off                ; Off                ;
; Allow Any RAM Size For Recognition                                         ; Off                ; Off                ;
; Allow Any ROM Size For Recognition                                         ; Off                ; Off                ;
; Allow Any Shift Register Size For Recognition                              ; Off                ; Off                ;
; Use LogicLock Constraints during Resource Balancing                        ; On                 ; On                 ;
; Ignore translate_off and synthesis_off directives                          ; Off                ; Off                ;
; Timing-Driven Synthesis                                                    ; Off                ; Off                ;
; Report Parameter Settings                                                  ; On                 ; On                 ;
; Report Source Assignments                                                  ; On                 ; On                 ;
; Report Connectivity Checks                                                 ; On                 ; On                 ;
; Ignore Maximum Fan-Out Assignments                                         ; Off                ; Off                ;
; Synchronization Register Chain Length                                      ; 2                  ; 2                  ;
; PowerPlay Power Optimization                                               ; Normal compilation ; Normal compilation ;
; HDL message level                                                          ; Level2             ; Level2             ;
; Suppress Register Optimization Related Messages                            ; Off                ; Off                ;
; Number of Removed Registers Reported in Synthesis Report                   ; 5000               ; 5000               ;
; Number of Swept Nodes Reported in Synthesis Report                         ; 5000               ; 5000               ;
; Number of Inverted Registers Reported in Synthesis Report                  ; 100                ; 100                ;
; Clock MUX Protection                                                       ; On                 ; On                 ;
; Auto Gated Clock Conversion                                                ; Off                ; Off                ;
; Block Design Naming                                                        ; Auto               ; Auto               ;
; SDC constraint protection                                                  ; Off                ; Off                ;
; Synthesis Effort                                                           ; Auto               ; Auto               ;
; Shift Register Replacement - Allow Asynchronous Clear Signal               ; On                 ; On                 ;
; Pre-Mapping Resynthesis Optimization                                       ; Off                ; Off                ;
; Analysis & Synthesis Message Level                                         ; Medium             ; Medium             ;
; Disable Register Merging Across Hierarchies                                ; Auto               ; Auto               ;
; Resource Aware Inference For Block RAM                                     ; On                 ; On                 ;
; Synthesis Seed                                                             ; 1                  ; 1                  ;
+----------------------------------------------------------------------------+--------------------+--------------------+


+------------------------------------------+
; Parallel Compilation                     ;
+----------------------------+-------------+
; Processors                 ; Number      ;
+----------------------------+-------------+
; Number detected on machine ; 32          ;
; Maximum allowed            ; 16          ;
;                            ;             ;
; Average used               ; 1.00        ;
; Maximum used               ; 1           ;
;                            ;             ;
; Usage by Processor         ; % Time Used ;
;     Processor 1            ; 100.0%      ;
;     Processors 2-32        ;   0.0%      ;
+----------------------------+-------------+


+------------------------------------------------------------------------------------------------------------------------------------------------+
; Analysis & Synthesis Source Files Read                                                                                                         ;
+----------------------------------+-----------------+-----------------+---------------------------------------------------------------+---------+
; File Name with User-Entered Path ; Used in Netlist ; File Type       ; File Name with Absolute Path                                  ; Library ;
+----------------------------------+-----------------+-----------------+---------------------------------------------------------------+---------+
; div_clk.vhd                      ; yes             ; User VHDL File  ; C:/Users/lucas/reconfigurable-logic/cont_57/div_clk.vhd       ;         ;
; cont_up_mod16.vhd                ; yes             ; User VHDL File  ; C:/Users/lucas/reconfigurable-logic/cont_57/cont_up_mod16.vhd ;         ;
; cont_57.vhd                      ; yes             ; User VHDL File  ; C:/Users/lucas/reconfigurable-logic/cont_57/cont_57.vhd       ;         ;
; bcd_display.vhd                  ; yes             ; User VHDL File  ; C:/Users/lucas/reconfigurable-logic/cont_57/bcd_display.vhd   ;         ;
+----------------------------------+-----------------+-----------------+---------------------------------------------------------------+---------+


+--------------------------------------------------------------------------------------+
; Analysis & Synthesis Resource Usage Summary                                          ;
+---------------------------------------------+----------------------------------------+
; Resource                                    ; Usage                                  ;
+---------------------------------------------+----------------------------------------+
; Estimated Total logic elements              ; 38                                     ;
;                                             ;                                        ;
; Total combinational functions               ; 38                                     ;
; Logic element usage by number of LUT inputs ;                                        ;
;     -- 4 input functions                    ; 27                                     ;
;     -- 3 input functions                    ; 9                                      ;
;     -- <=2 input functions                  ; 2                                      ;
;                                             ;                                        ;
; Logic elements by mode                      ;                                        ;
;     -- normal mode                          ; 38                                     ;
;     -- arithmetic mode                      ; 0                                      ;
;                                             ;                                        ;
; Total registers                             ; 10                                     ;
;     -- Dedicated logic registers            ; 10                                     ;
;     -- I/O registers                        ; 0                                      ;
;                                             ;                                        ;
; I/O pins                                    ; 31                                     ;
; Embedded Multiplier 9-bit elements          ; 0                                      ;
; Maximum fan-out node                        ; cont_up_mod16:ten_counter|count_sig[0] ;
; Maximum fan-out                             ; 14                                     ;
; Total fan-out                               ; 184                                    ;
; Average fan-out                             ; 2.33                                   ;
+---------------------------------------------+----------------------------------------+


+----------------------------------------------------------------------------------------------------------------------------------------------------------------------------------------------------+
; Analysis & Synthesis Resource Utilization by Entity                                                                                                                                                ;
+----------------------------------+-------------------+--------------+-------------+--------------+---------+-----------+------+--------------+--------------------------------------+--------------+
; Compilation Hierarchy Node       ; LC Combinationals ; LC Registers ; Memory Bits ; DSP Elements ; DSP 9x9 ; DSP 18x18 ; Pins ; Virtual Pins ; Full Hierarchy Name                  ; Library Name ;
+----------------------------------+-------------------+--------------+-------------+--------------+---------+-----------+------+--------------+--------------------------------------+--------------+
; |cont_57                         ; 38 (4)            ; 10 (0)       ; 0           ; 0            ; 0       ; 0         ; 31   ; 0            ; |cont_57                             ; work         ;
;    |bcd_display:ten_display|     ; 7 (7)             ; 0 (0)        ; 0           ; 0            ; 0       ; 0         ; 0    ; 0            ; |cont_57|bcd_display:ten_display     ; work         ;
;    |bcd_display:units_display|   ; 7 (7)             ; 0 (0)        ; 0           ; 0            ; 0       ; 0         ; 0    ; 0            ; |cont_57|bcd_display:units_display   ; work         ;
;    |cont_up_mod16:ten_counter|   ; 9 (9)             ; 4 (4)        ; 0           ; 0            ; 0       ; 0         ; 0    ; 0            ; |cont_57|cont_up_mod16:ten_counter   ; work         ;
;    |cont_up_mod16:units_counter| ; 9 (9)             ; 4 (4)        ; 0           ; 0            ; 0       ; 0         ; 0    ; 0            ; |cont_57|cont_up_mod16:units_counter ; work         ;
;    |div_clk:clk_div_1s|          ; 2 (2)             ; 2 (2)        ; 0           ; 0            ; 0       ; 0         ; 0    ; 0            ; |cont_57|div_clk:clk_div_1s          ; work         ;
+----------------------------------+-------------------+--------------+-------------+--------------+---------+-----------+------+--------------+--------------------------------------+--------------+
Note: For table entries with two numbers listed, the numbers in parentheses indicate the number of resources of the given type used by the specific entity alone. The numbers listed outside of parentheses indicate the total resources of the given type used by the specific entity and all of its sub-entities in the hierarchy.


+--------------------------------------------------------------------------------+
; Registers Removed During Synthesis                                             ;
+---------------------------------------+----------------------------------------+
; Register name                         ; Reason for Removal                     ;
+---------------------------------------+----------------------------------------+
; div_clk:clk_div_1s|\P_div:count[1]    ; Stuck at GND due to stuck port data_in ;
; Total Number of Removed Registers = 1 ;                                        ;
+---------------------------------------+----------------------------------------+


+------------------------------------------------------+
; General Register Statistics                          ;
+----------------------------------------------+-------+
; Statistic                                    ; Value ;
+----------------------------------------------+-------+
; Total registers                              ; 10    ;
; Number of registers using Synchronous Clear  ; 0     ;
; Number of registers using Synchronous Load   ; 0     ;
; Number of registers using Asynchronous Clear ; 0     ;
; Number of registers using Asynchronous Load  ; 0     ;
; Number of registers using Clock Enable       ; 0     ;
; Number of registers using Preset             ; 0     ;
+----------------------------------------------+-------+


+-----------------------------------------------------------------------------------------------------------------------------------------------------------------+
; Multiplexer Restructuring Statistics (Restructuring Performed)                                                                                                  ;
+--------------------+-----------+---------------+----------------------+------------------------+------------+---------------------------------------------------+
; Multiplexer Inputs ; Bus Width ; Baseline Area ; Area if Restructured ; Saving if Restructured ; Registered ; Example Multiplexer Output                        ;
+--------------------+-----------+---------------+----------------------+------------------------+------------+---------------------------------------------------+
; 4:1                ; 4 bits    ; 8 LEs         ; 8 LEs                ; 0 LEs                  ; Yes        ; |cont_57|cont_up_mod16:units_counter|count_sig[3] ;
; 4:1                ; 4 bits    ; 8 LEs         ; 8 LEs                ; 0 LEs                  ; Yes        ; |cont_57|cont_up_mod16:ten_counter|count_sig[3]   ;
+--------------------+-----------+---------------+----------------------+------------------------+------------+---------------------------------------------------+


+-----------------------------------------------------------------+
; Parameter Settings for User Entity Instance: div_clk:clk_div_1s ;
+-----------------+----------+------------------------------------+
; Parameter Name  ; Value    ; Type                               ;
+-----------------+----------+------------------------------------+
; crystal_freq_hz ; 50000000 ; Signed Integer                     ;
; output_freq_hz  ; 10000000 ; Signed Integer                     ;
+-----------------+----------+------------------------------------+
Note: In order to hide this table in the UI and the text report file, please set the "Show Parameter Settings in Synthesis Report" option in "Analysis and Synthesis Settings -> More Settings" to "Off".


+-------------------------------------------------------------------------------------------------------------------------+
; Port Connectivity Checks: "cont_up_mod16:ten_counter"                                                                   ;
+---------------+--------+----------+-------------------------------------------------------------------------------------+
; Port          ; Type   ; Severity ; Details                                                                             ;
+---------------+--------+----------+-------------------------------------------------------------------------------------+
; data_in[3..1] ; Input  ; Info     ; Stuck at GND                                                                        ;
; data_in[0]    ; Input  ; Info     ; Stuck at VCC                                                                        ;
; co            ; Output ; Info     ; Connected to dangling logic. Logic that only feeds a dangling port will be removed. ;
+---------------+--------+----------+-------------------------------------------------------------------------------------+


+---------------------------------------------------------+
; Port Connectivity Checks: "cont_up_mod16:units_counter" ;
+---------------+-------+----------+----------------------+
; Port          ; Type  ; Severity ; Details              ;
+---------------+-------+----------+----------------------+
; data_in[3..2] ; Input ; Info     ; Stuck at GND         ;
; data_in[1]    ; Input ; Info     ; Stuck at VCC         ;
; data_in[0]    ; Input ; Info     ; Stuck at GND         ;
+---------------+-------+----------+----------------------+


+-------------------------------+
; Elapsed Time Per Partition    ;
+----------------+--------------+
; Partition Name ; Elapsed Time ;
+----------------+--------------+
; Top            ; 00:00:00     ;
+----------------+--------------+


+-------------------------------+
; Analysis & Synthesis Messages ;
+-------------------------------+
Info: *******************************************************************
Info: Running Quartus II 64-Bit Analysis & Synthesis
    Info: Version 13.0.1 Build 232 06/12/2013 Service Pack 1 SJ Web Edition
    Info: Processing started: Sat Sep 20 23:46:24 2025
Info: Command: quartus_map --read_settings_files=on --write_settings_files=off cont_57 -c cont_57
Info (20030): Parallel compilation is enabled and will use 16 of the 32 processors detected
Info (12021): Found 2 design units, including 1 entities, in source file div_clk.vhd
    Info (12022): Found design unit 1: div_clk-div_clk_arch
    Info (12023): Found entity 1: div_clk
Info (12021): Found 2 design units, including 1 entities, in source file dff_vhdl.vhd
    Info (12022): Found design unit 1: dff_vhdl-ff_d
    Info (12023): Found entity 1: dff_vhdl
Info (12021): Found 2 design units, including 1 entities, in source file cont_up_mod16.vhd
    Info (12022): Found design unit 1: cont_up_mod16-cont_up_mod16_arch
    Info (12023): Found entity 1: cont_up_mod16
Info (12021): Found 2 design units, including 1 entities, in source file cont_57_tb.vhd
    Info (12022): Found design unit 1: cont_57_tb-tb_arch
    Info (12023): Found entity 1: cont_57_tb
Info (12021): Found 2 design units, including 1 entities, in source file cont_57.vhd
    Info (12022): Found design unit 1: cont_57-cont_57_arch
    Info (12023): Found entity 1: cont_57
Info (12021): Found 2 design units, including 1 entities, in source file bcd_display.vhd
    Info (12022): Found design unit 1: bcd_display-bcd_display_arch
    Info (12023): Found entity 1: bcd_display
Info (12127): Elaborating entity "cont_57" for the top level hierarchy
Info (12128): Elaborating entity "div_clk" for hierarchy "div_clk:clk_div_1s"
Info (12128): Elaborating entity "cont_up_mod16" for hierarchy "cont_up_mod16:units_counter"
Info (12128): Elaborating entity "bcd_display" for hierarchy "bcd_display:ten_display"
Info (16010): Generating hard_block partition "hard_block:auto_generated_inst"
    Info (16011): Adding 0 node(s), including 0 DDIO, 0 PLL, 0 transceiver and 0 LCELL
Info (21057): Implemented 69 device resources after synthesis - the final resource count might be different
    Info (21058): Implemented 5 input pins
    Info (21059): Implemented 26 output pins
    Info (21061): Implemented 38 logic cells
Info: Quartus II 64-Bit Analysis & Synthesis was successful. 0 errors, 0 warnings
    Info: Peak virtual memory: 4659 megabytes
    Info: Processing ended: Sat Sep 20 23:46:25 2025
    Info: Elapsed time: 00:00:01
    Info: Total CPU time (on all processors): 00:00:01


